# JRE version: OpenJDK Runtime Environment (8.0_76-b03) (build 1.8.0_76-release-b03)
# Java VM: OpenJDK 64-Bit Server VM (25.76-b03 mixed mode windows-amd64 compressed oops)
Heap:
 PSYoungGen      total 439296K, used 333801K [0x00000000e0000000, 0x0000000100000000, 0x0000000100000000)
  eden space 384512K, 81% used [0x00000000e0000000,0x00000000f339fe98,0x00000000f7780000)
  from space 54784K, 34% used [0x00000000f7780000,0x00000000f89da790,0x00000000fad00000)
  to   space 71680K, 0% used [0x00000000fba00000,0x00000000fba00000,0x0000000100000000)
 ParOldGen       total 217600K, used 100825K [0x00000000a0000000, 0x00000000ad480000, 0x00000000e0000000)
  object space 217600K, 46% used [0x00000000a0000000,0x00000000a62766b0,0x00000000ad480000)
 Metaspace       used 76353K, capacity 82364K, committed 82480K, reserved 1122304K
  class space    used 9559K, capacity 10249K, committed 10288K, reserved 1048576K
GC Heap History (10 events):
Event: 11802.742 GC heap before
{Heap before GC invocations=74 (full 22):
 PSYoungGen      total 365056K, used 357856K [0x00000000e0000000, 0x00000000f9800000, 0x0000000100000000)
  eden space 337408K, 100% used [0x00000000e0000000,0x00000000f4980000,0x00000000f4980000)
  from space 27648K, 73% used [0x00000000f4980000,0x00000000f5d78010,0x00000000f6480000)
  to   space 30208K, 0% used [0x00000000f7a80000,0x00000000f7a80000,0x00000000f9800000)
 ParOldGen       total 100864K, used 36682K [0x00000000a0000000, 0x00000000a6280000, 0x00000000e0000000)
  object space 100864K, 36% used [0x00000000a0000000,0x00000000a23d2918,0x00000000a6280000)
 Metaspace       used 76251K, capacity 82254K, committed 82480K, reserved 1122304K
  class space    used 9561K, capacity 10254K, committed 10288K, reserved 1048576K
Event: 11802.807 GC heap after
Heap after GC invocations=74 (full 22):
 PSYoungGen      total 387584K, used 16211K [0x00000000e0000000, 0x00000000fa400000, 0x0000000100000000)
  eden space 357376K, 0% used [0x00000000e0000000,0x00000000e0000000,0x00000000f5d00000)
  from space 30208K, 53% used [0x00000000f7a80000,0x00000000f8a54cc0,0x00000000f9800000)
  to   space 30208K, 0% used [0x00000000f5d00000,0x00000000f5d00000,0x00000000f7a80000)
 ParOldGen       total 100864K, used 36690K [0x00000000a0000000, 0x00000000a6280000, 0x00000000e0000000)
  object space 100864K, 36% used [0x00000000a0000000,0x00000000a23d4918,0x00000000a6280000)
 Metaspace       used 76251K, capacity 82254K, committed 82480K, reserved 1122304K
  class space    used 9561K, capacity 10254K, committed 10288K, reserved 1048576K
}
Event: 11805.060 GC heap before
{Heap before GC invocations=75 (full 22):
 PSYoungGen      total 387584K, used 373587K [0x00000000e0000000, 0x00000000fa400000, 0x0000000100000000)
  eden space 357376K, 100% used [0x00000000e0000000,0x00000000f5d00000,0x00000000f5d00000)
  from space 30208K, 53% used [0x00000000f7a80000,0x00000000f8a54cc0,0x00000000f9800000)
  to   space 30208K, 0% used [0x00000000f5d00000,0x00000000f5d00000,0x00000000f7a80000)
 ParOldGen       total 100864K, used 36690K [0x00000000a0000000, 0x00000000a6280000, 0x00000000e0000000)
  object space 100864K, 36% used [0x00000000a0000000,0x00000000a23d4918,0x00000000a6280000)
 Metaspace       used 76286K, capacity 82318K, committed 82480K, reserved 1122304K
  class space    used 9561K, capacity 10254K, committed 10288K, reserved 1048576K
Event: 11805.172 GC heap after
Heap after GC invocations=75 (full 22):
 PSYoungGen      total 387584K, used 30198K [0x00000000e0000000, 0x00000000fd100000, 0x0000000100000000)
  eden space 357376K, 0% used [0x00000000e0000000,0x00000000e0000000,0x00000000f5d00000)
  from space 30208K, 99% used [0x00000000f5d00000,0x00000000f7a7d9a8,0x00000000f7a80000)
  to   space 36864K, 0% used [0x00000000fad00000,0x00000000fad00000,0x00000000fd100000)
 ParOldGen       total 100864K, used 40161K [0x00000000a0000000, 0x00000000a6280000, 0x00000000e0000000)
  object space 100864K, 39% used [0x00000000a0000000,0x00000000a2738608,0x00000000a6280000)
 Metaspace       used 76286K, capacity 82318K, committed 82480K, reserved 1122304K
  class space    used 9561K, capacity 10254K, committed 10288K, reserved 1048576K
}
Event: 11806.831 GC heap before
{Heap before GC invocations=76 (full 22):
 PSYoungGen      total 387584K, used 387574K [0x00000000e0000000, 0x00000000fd100000, 0x0000000100000000)
  eden space 357376K, 100% used [0x00000000e0000000,0x00000000f5d00000,0x00000000f5d00000)
  from space 30208K, 99% used [0x00000000f5d00000,0x00000000f7a7d9a8,0x00000000f7a80000)
  to   space 36864K, 0% used [0x00000000fad00000,0x00000000fad00000,0x00000000fd100000)
 ParOldGen       total 100864K, used 40161K [0x00000000a0000000, 0x00000000a6280000, 0x00000000e0000000)
  object space 100864K, 39% used [0x00000000a0000000,0x00000000a2738608,0x00000000a6280000)
 Metaspace       used 76327K, capacity 82318K, committed 82480K, reserved 1122304K
  class space    used 9562K, capacity 10254K, committed 10288K, reserved 1048576K
Event: 11807.007 GC heap after
Heap after GC invocations=76 (full 22):
 PSYoungGen      total 421376K, used 36841K [0x00000000e0000000, 0x0000000100000000, 0x0000000100000000)
  eden space 384512K, 0% used [0x00000000e0000000,0x00000000e0000000,0x00000000f7780000)
  from space 36864K, 99% used [0x00000000fad00000,0x00000000fd0fa5d8,0x00000000fd100000)
  to   space 54784K, 0% used [0x00000000f7780000,0x00000000f7780000,0x00000000fad00000)
 ParOldGen       total 100864K, used 71900K [0x00000000a0000000, 0x00000000a6280000, 0x00000000e0000000)
  object space 100864K, 71% used [0x00000000a0000000,0x00000000a46371a0,0x00000000a6280000)
 Metaspace       used 76327K, capacity 82318K, committed 82480K, reserved 1122304K
  class space    used 9562K, capacity 10254K, committed 10288K, reserved 1048576K
}
Event: 11808.762 GC heap before
{Heap before GC invocations=77 (full 22):
 PSYoungGen      total 421376K, used 421353K [0x00000000e0000000, 0x0000000100000000, 0x0000000100000000)
  eden space 384512K, 100% used [0x00000000e0000000,0x00000000f7780000,0x00000000f7780000)
  from space 36864K, 99% used [0x00000000fad00000,0x00000000fd0fa5d8,0x00000000fd100000)
  to   space 54784K, 0% used [0x00000000f7780000,0x00000000f7780000,0x00000000fad00000)
 ParOldGen       total 100864K, used 71900K [0x00000000a0000000, 0x00000000a6280000, 0x00000000e0000000)
  object space 100864K, 71% used [0x00000000a0000000,0x00000000a46371a0,0x00000000a6280000)
 Metaspace       used 76346K, capacity 82382K, committed 82480K, reserved 1122304K
  class space    used 9562K, capacity 10254K, committed 10288K, reserved 1048576K
Event: 11808.972 GC heap after
Heap after GC invocations=77 (full 22):
 PSYoungGen      total 439296K, used 54780K [0x00000000e0000000, 0x0000000100000000, 0x0000000100000000)
  eden space 384512K, 0% used [0x00000000e0000000,0x00000000e0000000,0x00000000f7780000)
  from space 54784K, 99% used [0x00000000f7780000,0x00000000facff280,0x00000000fad00000)
  to   space 71680K, 0% used [0x00000000fba00000,0x00000000fba00000,0x0000000100000000)
 ParOldGen       total 100864K, used 91961K [0x00000000a0000000, 0x00000000a6280000, 0x00000000e0000000)
  object space 100864K, 91% used [0x00000000a0000000,0x00000000a59ce5a8,0x00000000a6280000)
 Metaspace       used 76346K, capacity 82382K, committed 82480K, reserved 1122304K
  class space    used 9562K, capacity 10254K, committed 10288K, reserved 1048576K
}
Event: 11808.972 GC heap before
{Heap before GC invocations=78 (full 23):
 PSYoungGen      total 439296K, used 54780K [0x00000000e0000000, 0x0000000100000000, 0x0000000100000000)
  eden space 384512K, 0% used [0x00000000e0000000,0x00000000e0000000,0x00000000f7780000)
  from space 54784K, 99% used [0x00000000f7780000,0x00000000facff280,0x00000000fad00000)
  to   space 71680K, 0% used [0x00000000fba00000,0x00000000fba00000,0x0000000100000000)
 ParOldGen       total 100864K, used 91961K [0x00000000a0000000, 0x00000000a6280000, 0x00000000e0000000)
  object space 100864K, 91% used [0x00000000a0000000,0x00000000a59ce5a8,0x00000000a6280000)
 Metaspace       used 76346K, capacity 82382K, committed 82480K, reserved 1122304K
  class space    used 9562K, capacity 10254K, committed 10288K, reserved 1048576K
Event: 11810.315 GC heap after
Heap after GC invocations=78 (full 23):
 PSYoungGen      total 439296K, used 18793K [0x00000000e0000000, 0x0000000100000000, 0x0000000100000000)
  eden space 384512K, 0% used [0x00000000e0000000,0x00000000e0000000,0x00000000f7780000)
  from space 54784K, 34% used [0x00000000f7780000,0x00000000f89da790,0x00000000fad00000)
  to   space 71680K, 0% used [0x00000000fba00000,0x00000000fba00000,0x0000000100000000)
 ParOldGen       total 217600K, used 100825K [0x00000000a0000000, 0x00000000ad480000, 0x00000000e0000000)
  object space 217600K, 46% used [0x00000000a0000000,0x00000000a62766b0,0x00000000ad480000)
 Metaspace       used 76338K, capacity 82364K, committed 82480K, reserved 1122304K
  class space    used 9559K, capacity 10249K, committed 10288K, reserved 1048576K
}

